Using pre-set license
Built from '2020.3/china_unity/release' branch; Version is '2020.3.22f1c1 (9ee66e5289da) revision 10413678'; Using compiler version '192528614'; Build Type 'Release'
OS: 'Windows 10 Home China; OS build 26100.3476; Version 2009; 64bit' Language: 'zh' Physical Memory: 16167 MB
BatchMode: 1, IsHumanControllingUs: 0, StartBugReporterOnCrash: 0, Is64bit: 1, IsPro: 0

COMMAND LINE ARGUMENTS:
C:\Program Files\Unity\Hub\Editor\2020.3.22f1c1\Editor\Unity.exe
-adb2
-batchMode
-noUpm
-name
AssetImportWorker0
-projectPath
D:/Major/UnityLearning/UnityShaderSummary/ShaderProject
-logFile
Logs/AssetImportWorker0.log
-srvPort
55171
Successfully changed project path to: D:/Major/UnityLearning/UnityShaderSummary/ShaderProject
D:/Major/UnityLearning/UnityShaderSummary/ShaderProject
Using Asset Import Pipeline V2.
AS: AutoStreaming module initializing.Refreshing native plugins compatible for Editor in 23.70 ms, found 2 plugins.
Preloading 0 native plugins for Editor in 0.00 ms.
Initialize engine version: 2020.3.22f1c1 (9ee66e5289da)
[Subsystems] Discovering subsystems at path C:/Program Files/Unity/Hub/Editor/2020.3.22f1c1/Editor/Data/Resources/UnitySubsystems
[Subsystems] Discovering subsystems at path D:/Major/UnityLearning/UnityShaderSummary/ShaderProject/Assets
GfxDevice: creating device client; threaded=0
Direct3D:
    Version:  Direct3D 11.0 [level 11.1]
    Renderer: NVIDIA GeForce RTX 3050 Ti Laptop GPU (ID=0x25e0)
    Vendor:   
    VRAM:     3977 MB
    Driver:   31.0.15.4630
Initialize mono
Mono path[0] = 'C:/Program Files/Unity/Hub/Editor/2020.3.22f1c1/Editor/Data/Managed'
Mono path[1] = 'C:/Program Files/Unity/Hub/Editor/2020.3.22f1c1/Editor/Data/MonoBleedingEdge/lib/mono/unityjit'
Mono config path = 'C:/Program Files/Unity/Hub/Editor/2020.3.22f1c1/Editor/Data/MonoBleedingEdge/etc'
Using monoOptions --debugger-agent=transport=dt_socket,embedding=1,server=y,suspend=n,address=127.0.0.1:56328
Begin MonoManager ReloadAssembly
Registering precompiled unity dll's ...
Register platform support module: C:/Program Files/Unity/Hub/Editor/2020.3.22f1c1/Editor/Data/PlaybackEngines/WindowsStandaloneSupport/UnityEditor.WindowsStandalone.Extensions.dll
Registered in 0.001030 seconds.
Native extension for WindowsStandalone target not found
Refreshing native plugins compatible for Editor in 24.76 ms, found 2 plugins.
Preloading 0 native plugins for Editor in 0.00 ms.
Mono: successfully reloaded assembly
- Completed reload, in  0.700 seconds
Domain Reload Profiling:
	ReloadAssembly (700ms)
		BeginReloadAssembly (35ms)
			ExecutionOrderSort (0ms)
			DisableScriptedObjects (0ms)
			BackupInstance (0ms)
			ReleaseScriptingObjects (0ms)
			CreateAndSetChildDomain (1ms)
		EndReloadAssembly (318ms)
			LoadAssemblies (34ms)
			RebuildTransferFunctionScriptingTraits (0ms)
			SetupTypeCache (105ms)
			ReleaseScriptCaches (0ms)
			RebuildScriptCaches (22ms)
			SetupLoadedEditorAssemblies (123ms)
				LogAssemblyErrors (0ms)
				InitializePlatformSupportModulesInManaged (3ms)
				SetLoadedEditorAssemblies (0ms)
				RefreshPlugins (25ms)
				BeforeProcessingInitializeOnLoad (10ms)
				ProcessInitializeOnLoadAttributes (63ms)
				ProcessInitializeOnLoadMethodAttributes (22ms)
				AfterProcessingInitializeOnLoad (0ms)
				EditorAssembliesLoaded (0ms)
			ExecutionOrderSort2 (0ms)
			AwakeInstancesAfterBackupRestoration (0ms)
Platform modules already initialized, skipping
Registering precompiled user dll's ...
Registered in 0.001756 seconds.
Begin MonoManager ReloadAssembly
Native extension for WindowsStandalone target not found
Refreshing native plugins compatible for Editor in 0.30 ms, found 2 plugins.
Preloading 0 native plugins for Editor in 0.00 ms.
Mono: successfully reloaded assembly
- Completed reload, in  0.690 seconds
Domain Reload Profiling:
	ReloadAssembly (693ms)
		BeginReloadAssembly (99ms)
			ExecutionOrderSort (0ms)
			DisableScriptedObjects (3ms)
			BackupInstance (0ms)
			ReleaseScriptingObjects (0ms)
			CreateAndSetChildDomain (14ms)
		EndReloadAssembly (551ms)
			LoadAssemblies (55ms)
			RebuildTransferFunctionScriptingTraits (0ms)
			SetupTypeCache (194ms)
			ReleaseScriptCaches (0ms)
			RebuildScriptCaches (29ms)
			SetupLoadedEditorAssemblies (210ms)
				LogAssemblyErrors (0ms)
				InitializePlatformSupportModulesInManaged (3ms)
				SetLoadedEditorAssemblies (0ms)
				RefreshPlugins (0ms)
				BeforeProcessingInitializeOnLoad (57ms)
				ProcessInitializeOnLoadAttributes (139ms)
				ProcessInitializeOnLoadMethodAttributes (7ms)
				AfterProcessingInitializeOnLoad (3ms)
				EditorAssembliesLoaded (0ms)
			ExecutionOrderSort2 (0ms)
			AwakeInstancesAfterBackupRestoration (5ms)
Platform modules already initialized, skipping
========================================================================
Worker process is ready to serve import requests
Launched and connected shader compiler UnityShaderCompiler.exe after 0.04 seconds
Refreshing native plugins compatible for Editor in 0.30 ms, found 2 plugins.
Preloading 0 native plugins for Editor in 0.00 ms.
Unloading 1491 Unused Serialized files (Serialized files now loaded: 0)
System memory in use before: 68.2 MB.
System memory in use after: 68.3 MB.

Unloading 19 unused Assets to reduce memory usage. Loaded Objects now: 1927.
Total: 2.438600 ms (FindLiveObjects: 0.111700 ms CreateObjectMapping: 0.023900 ms MarkObjects: 2.221000 ms  DeleteObjects: 0.081000 ms)

AssetImportParameters requested are different than current active one (requested -> active):
  custom:framework-win-MediaFoundation: 216162199b28c13a410421893ffa2e32 -> 
  custom:video-decoder-ogg-theora: a1e56fd34408186e4bbccfd4996cb3dc -> 
  custom:container-muxer-webm: aa71ff27fc2769a1b78a27578f13a17b -> 
  custom:container-demuxer-webm: 4f35f7cbe854078d1ac9338744f61a02 -> 
  custom:container-demuxer-ogg: 62fdf1f143b41e24485cea50d1cbac27 -> 
  custom:video-encoder-webm-vp8: eb34c28f22e8b96e1ab97ce403110664 -> 
  custom:video-codec-MediaFoundation-h265: 746d11721c4dcdbdad8f713fa42b33f4 -> 
  custom:video-decoder-webm-vp8: 9c59270c3fd7afecdb556c50c9e8de78 -> 
  custom:audio-decoder-ogg-vorbis: bf7c407c2cedff20999df2af8eb42d56 -> 
  custom:audio-encoder-webm-vorbis: bf7c407c2cedff20999df2af8eb42d56 -> 
========================================================================
Received Import Request.
  path: Assets/groundLight/RippleTestShader_M.shader
  artifactKey: Guid(5bf30a68623b96c4b9f8d7d734084a4d) Importer(815301076,1909f56bfc062723c751e8b465ee728b)
Start importing Assets/groundLight/RippleTestShader_M.shader using Guid(5bf30a68623b96c4b9f8d7d734084a4d) Importer(815301076,1909f56bfc062723c751e8b465ee728b)  -> (artifact id: '3433e91cf76b0a88c435decfbdff38ac') in 0.047075 seconds 
  Import took 0.049080 seconds .

========================================================================
Received Import Request.
  Time since last request: 41.168266 seconds.
  path: Assets/groundLight/ModelRippleWorldspace.shader
  artifactKey: Guid(b3ef48e5f3f22b148b28f1276be7106e) Importer(815301076,1909f56bfc062723c751e8b465ee728b)
Start importing Assets/groundLight/ModelRippleWorldspace.shader using Guid(b3ef48e5f3f22b148b28f1276be7106e) Importer(815301076,1909f56bfc062723c751e8b465ee728b)  -> (artifact id: '97f4c63809bab1dc6c81c2725b7abaf3') in 0.012900 seconds 
  Import took 0.015583 seconds .

========================================================================
Received Import Request.
  Time since last request: 29.094576 seconds.
  path: Assets/groundLight/Materials/Mat_ModelRipple.mat
  artifactKey: Guid(f8db347d5dbb12b49bef93a57bd06eee) Importer(815301076,1909f56bfc062723c751e8b465ee728b)
Start importing Assets/groundLight/Materials/Mat_ModelRipple.mat using Guid(f8db347d5dbb12b49bef93a57bd06eee) Importer(815301076,1909f56bfc062723c751e8b465ee728b) Shader error in 'Custom/RippleTestShader_M': syntax error: unexpected token 'struct' at line 41 (on d3d11)

Compiling Vertex program
Platform defines: SHADER_API_DESKTOP UNITY_COLORSPACE_GAMMA UNITY_ENABLE_DETAIL_NORMALMAP UNITY_ENABLE_REFLECTION_BUFFERS UNITY_LIGHTMAP_FULL_HDR UNITY_LIGHT_PROBE_PROXY_VOLUME UNITY_PBS_USE_BRDF1 UNITY_SPECCUBE_BLENDING UNITY_SPECCUBE_BOX_PROJECTION UNITY_USE_DITHER_MASK_FOR_ALPHABLENDED_SHADOWS
Disabled keywords: SHADER_API_GLES30 UNITY_ASTC_NORMALMAP_ENCODING UNITY_ENABLE_NATIVE_SHADOW_LOOKUPS UNITY_HALF_PRECISION_FRAGMENT_SHADER_REGISTERS UNITY_HARDWARE_TIER1 UNITY_HARDWARE_TIER2 UNITY_HARDWARE_TIER3 UNITY_LIGHTMAP_DLDR_ENCODING UNITY_LIGHTMAP_RGBM_ENCODING UNITY_METAL_SHADOWS_USE_POINT_FILTERING UNITY_NO_DXT5nm UNITY_NO_FULL_STANDARD_SHADER UNITY_NO_SCREENSPACE_SHADOWS UNITY_PBS_USE_BRDF2 UNITY_PBS_USE_BRDF3 UNITY_PRETRANSFORM_TO_DISPLAY_ORIENTATION UNITY_VIRTUAL_TEXTURING
Shader error in 'Custom/RippleTestShader_M': syntax error: unexpected token 'struct' at line 41 (on d3d11)

Compiling Vertex program
Platform defines: SHADER_API_DESKTOP UNITY_COLORSPACE_GAMMA UNITY_ENABLE_DETAIL_NORMALMAP UNITY_ENABLE_REFLECTION_BUFFERS UNITY_LIGHTMAP_FULL_HDR UNITY_LIGHT_PROBE_PROXY_VOLUME UNITY_PBS_USE_BRDF1 UNITY_SPECCUBE_BLENDING UNITY_SPECCUBE_BOX_PROJECTION UNITY_USE_DITHER_MASK_FOR_ALPHABLENDED_SHADOWS
Disabled keywords: SHADER_API_GLES30 UNITY_ASTC_NORMALMAP_ENCODING UNITY_ENABLE_NATIVE_SHADOW_LOOKUPS UNITY_HALF_PRECISION_FRAGMENT_SHADER_REGISTERS UNITY_HARDWARE_TIER1 UNITY_HARDWARE_TIER2 UNITY_HARDWARE_TIER3 UNITY_LIGHTMAP_DLDR_ENCODING UNITY_LIGHTMAP_RGBM_ENCODING UNITY_METAL_SHADOWS_USE_POINT_FILTERING UNITY_NO_DXT5nm UNITY_NO_FULL_STANDARD_SHADER UNITY_NO_SCREENSPACE_SHADOWS UNITY_PBS_USE_BRDF2 UNITY_PBS_USE_BRDF3 UNITY_PRETRANSFORM_TO_DISPLAY_ORIENTATION UNITY_VIRTUAL_TEXTURING
 -> (artifact id: '6afb50fbfedfaf1b755070410405b94e') in 0.118419 seconds 
  Import took 0.121139 seconds .

========================================================================
Received Prepare
Registering precompiled user dll's ...
Registered in 0.007950 seconds.
Begin MonoManager ReloadAssembly
Native extension for WindowsStandalone target not found
Refreshing native plugins compatible for Editor in 0.45 ms, found 2 plugins.
Preloading 0 native plugins for Editor in 0.00 ms.
Mono: successfully reloaded assembly
- Completed reload, in  0.887 seconds
Domain Reload Profiling:
	ReloadAssembly (888ms)
		BeginReloadAssembly (115ms)
			ExecutionOrderSort (0ms)
			DisableScriptedObjects (4ms)
			BackupInstance (0ms)
			ReleaseScriptingObjects (0ms)
			CreateAndSetChildDomain (39ms)
		EndReloadAssembly (719ms)
			LoadAssemblies (82ms)
			RebuildTransferFunctionScriptingTraits (0ms)
			SetupTypeCache (249ms)
			ReleaseScriptCaches (1ms)
			RebuildScriptCaches (35ms)
			SetupLoadedEditorAssemblies (265ms)
				LogAssemblyErrors (0ms)
				InitializePlatformSupportModulesInManaged (4ms)
				SetLoadedEditorAssemblies (0ms)
				RefreshPlugins (1ms)
				BeforeProcessingInitializeOnLoad (72ms)
				ProcessInitializeOnLoadAttributes (175ms)
				ProcessInitializeOnLoadMethodAttributes (9ms)
				AfterProcessingInitializeOnLoad (4ms)
				EditorAssembliesLoaded (0ms)
			ExecutionOrderSort2 (0ms)
			AwakeInstancesAfterBackupRestoration (6ms)
Platform modules already initialized, skipping
Refreshing native plugins compatible for Editor in 0.39 ms, found 2 plugins.
Preloading 0 native plugins for Editor in 0.00 ms.
Unloading 1483 Unused Serialized files (Serialized files now loaded: 0)
System memory in use before: 71.8 MB.
System memory in use after: 71.8 MB.

Unloading 15 unused Assets to reduce memory usage. Loaded Objects now: 1970.
Total: 2.812600 ms (FindLiveObjects: 0.148400 ms CreateObjectMapping: 0.051300 ms MarkObjects: 2.503700 ms  DeleteObjects: 0.107100 ms)

AssetImportParameters requested are different than current active one (requested -> active):
  custom:framework-win-MediaFoundation: 216162199b28c13a410421893ffa2e32 -> 
  custom:video-decoder-ogg-theora: a1e56fd34408186e4bbccfd4996cb3dc -> 
  custom:container-muxer-webm: aa71ff27fc2769a1b78a27578f13a17b -> 
  custom:container-demuxer-webm: 4f35f7cbe854078d1ac9338744f61a02 -> 
  custom:container-demuxer-ogg: 62fdf1f143b41e24485cea50d1cbac27 -> 
  custom:video-encoder-webm-vp8: eb34c28f22e8b96e1ab97ce403110664 -> 
  custom:video-codec-MediaFoundation-h265: 746d11721c4dcdbdad8f713fa42b33f4 -> 
  custom:video-decoder-webm-vp8: 9c59270c3fd7afecdb556c50c9e8de78 -> 
  custom:audio-decoder-ogg-vorbis: bf7c407c2cedff20999df2af8eb42d56 -> 
  custom:audio-encoder-webm-vorbis: bf7c407c2cedff20999df2af8eb42d56 -> 
========================================================================
Received Import Request.
  Time since last request: 185.067409 seconds.
  path: Assets/groundLight/Materials/Fish.fbx
  artifactKey: Guid(93f6794b7338aab4f9ab51f9f7573375) Importer(815301076,1909f56bfc062723c751e8b465ee728b)
Start importing Assets/groundLight/Materials/Fish.fbx using Guid(93f6794b7338aab4f9ab51f9f7573375) Importer(815301076,1909f56bfc062723c751e8b465ee728b)  -> (artifact id: '5a8d2f69fefcd1e126d1daa7fc27dda8') in 0.283599 seconds 
  Import took 0.287406 seconds .

========================================================================
Received Import Request.
  Time since last request: 34.289476 seconds.
  path: Assets/groundLight/Materials/textures/Fish_001_bump.jpg
  artifactKey: Guid(c01c1f204d35db845baedbe4f96421a9) Importer(815301076,1909f56bfc062723c751e8b465ee728b)
Start importing Assets/groundLight/Materials/textures/Fish_001_bump.jpg using Guid(c01c1f204d35db845baedbe4f96421a9) Importer(815301076,1909f56bfc062723c751e8b465ee728b)  -> (artifact id: 'ef83ac0ceb7f07188ff39ae151418fac') in 0.025712 seconds 
  Import took 0.035248 seconds .

========================================================================
Received Import Request.
  Time since last request: 0.000387 seconds.
  path: Assets/groundLight/Materials/textures/Fish_001_diff.jpeg
  artifactKey: Guid(12b31d5f446758141aeabbecc5097c77) Importer(815301076,1909f56bfc062723c751e8b465ee728b)
Start importing Assets/groundLight/Materials/textures/Fish_001_diff.jpeg using Guid(12b31d5f446758141aeabbecc5097c77) Importer(815301076,1909f56bfc062723c751e8b465ee728b)  -> (artifact id: 'f7fc8309ed0cd4dd6f9625ca4a3da12d') in 0.019004 seconds 
  Import took 0.021709 seconds .

========================================================================
Received Import Request.
  Time since last request: 0.000309 seconds.
  path: Assets/groundLight/Materials/textures/reflct.jpg
  artifactKey: Guid(8490db7d8c5abfc408757c45f9db49f9) Importer(815301076,1909f56bfc062723c751e8b465ee728b)
Start importing Assets/groundLight/Materials/textures/reflct.jpg using Guid(8490db7d8c5abfc408757c45f9db49f9) Importer(815301076,1909f56bfc062723c751e8b465ee728b)  -> (artifact id: '31a8a3355d8b4284b74fea1be53ee45e') in 0.017402 seconds 
  Import took 0.020009 seconds .

========================================================================
Received Import Request.
  Time since last request: 0.000258 seconds.
  path: Assets/groundLight/Materials/textures/Fish_001_opac.jpeg
  artifactKey: Guid(4cda284fcad28a54abc724141ddc672d) Importer(815301076,1909f56bfc062723c751e8b465ee728b)
Start importing Assets/groundLight/Materials/textures/Fish_001_opac.jpeg using Guid(4cda284fcad28a54abc724141ddc672d) Importer(815301076,1909f56bfc062723c751e8b465ee728b)  -> (artifact id: 'fef45544a92cdda1314c0532eb13376e') in 0.014868 seconds 
  Import took 0.017373 seconds .

========================================================================
Received Import Request.
  Time since last request: 31.712812 seconds.
  path: Assets/groundLight/Tex
  artifactKey: Guid(8918e9ada7cd94a46a631ce36aaa453b) Importer(815301076,1909f56bfc062723c751e8b465ee728b)
Start importing Assets/groundLight/Tex using Guid(8918e9ada7cd94a46a631ce36aaa453b) Importer(815301076,1909f56bfc062723c751e8b465ee728b)  -> (artifact id: 'a90a3f2cb01af5dfb2930c10660d140f') in 0.010408 seconds 
  Import took 0.013370 seconds .

========================================================================
Received Import Request.
  Time since last request: 30.470218 seconds.
  path: Assets/groundLight/Materials/Mat_RippleWorld.mat
  artifactKey: Guid(ac5f176032216a44fba19db53cb90828) Importer(815301076,1909f56bfc062723c751e8b465ee728b)
Start importing Assets/groundLight/Materials/Mat_RippleWorld.mat using Guid(ac5f176032216a44fba19db53cb90828) Importer(815301076,1909f56bfc062723c751e8b465ee728b)  -> (artifact id: 'b7b2d981f263273d503e69583d80b99d') in 0.026629 seconds 
  Import took 0.029955 seconds .

========================================================================
Received Import Request.
  Time since last request: 19.429103 seconds.
  path: Assets/groundLight/XiaoChouYu.fbx
  artifactKey: Guid(ae8deaec079ae8e4eb2cf0b1cac20d06) Importer(815301076,1909f56bfc062723c751e8b465ee728b)
Start importing Assets/groundLight/XiaoChouYu.fbx using Guid(ae8deaec079ae8e4eb2cf0b1cac20d06) Importer(815301076,1909f56bfc062723c751e8b465ee728b)  -> (artifact id: '3cdeed76e0bc9c81e348a51af7bf74cf') in 0.083265 seconds 
  Import took 0.087057 seconds .

========================================================================
Received Prepare
Registering precompiled user dll's ...
Registered in 0.002636 seconds.
Begin MonoManager ReloadAssembly
Native extension for WindowsStandalone target not found
Refreshing native plugins compatible for Editor in 0.37 ms, found 2 plugins.
Preloading 0 native plugins for Editor in 0.00 ms.
Mono: successfully reloaded assembly
- Completed reload, in  0.776 seconds
Domain Reload Profiling:
	ReloadAssembly (776ms)
		BeginReloadAssembly (93ms)
			ExecutionOrderSort (0ms)
			DisableScriptedObjects (3ms)
			BackupInstance (0ms)
			ReleaseScriptingObjects (0ms)
			CreateAndSetChildDomain (36ms)
		EndReloadAssembly (633ms)
			LoadAssemblies (65ms)
			RebuildTransferFunctionScriptingTraits (0ms)
			SetupTypeCache (230ms)
			ReleaseScriptCaches (1ms)
			RebuildScriptCaches (29ms)
			SetupLoadedEditorAssemblies (235ms)
				LogAssemblyErrors (0ms)
				InitializePlatformSupportModulesInManaged (4ms)
				SetLoadedEditorAssemblies (0ms)
				RefreshPlugins (0ms)
				BeforeProcessingInitializeOnLoad (62ms)
				ProcessInitializeOnLoadAttributes (154ms)
				ProcessInitializeOnLoadMethodAttributes (11ms)
				AfterProcessingInitializeOnLoad (3ms)
				EditorAssembliesLoaded (0ms)
			ExecutionOrderSort2 (0ms)
			AwakeInstancesAfterBackupRestoration (6ms)
Platform modules already initialized, skipping
Refreshing native plugins compatible for Editor in 0.33 ms, found 2 plugins.
Preloading 0 native plugins for Editor in 0.00 ms.
Unloading 1483 Unused Serialized files (Serialized files now loaded: 0)
System memory in use before: 85.6 MB.
System memory in use after: 85.6 MB.

Unloading 15 unused Assets to reduce memory usage. Loaded Objects now: 1978.
Total: 2.445700 ms (FindLiveObjects: 0.136900 ms CreateObjectMapping: 0.025500 ms MarkObjects: 2.193800 ms  DeleteObjects: 0.087800 ms)

AssetImportParameters requested are different than current active one (requested -> active):
  custom:framework-win-MediaFoundation: 216162199b28c13a410421893ffa2e32 -> 
  custom:video-decoder-ogg-theora: a1e56fd34408186e4bbccfd4996cb3dc -> 
  custom:container-muxer-webm: aa71ff27fc2769a1b78a27578f13a17b -> 
  custom:container-demuxer-webm: 4f35f7cbe854078d1ac9338744f61a02 -> 
  custom:container-demuxer-ogg: 62fdf1f143b41e24485cea50d1cbac27 -> 
  custom:video-encoder-webm-vp8: eb34c28f22e8b96e1ab97ce403110664 -> 
  custom:video-codec-MediaFoundation-h265: 746d11721c4dcdbdad8f713fa42b33f4 -> 
  custom:video-decoder-webm-vp8: 9c59270c3fd7afecdb556c50c9e8de78 -> 
  custom:audio-decoder-ogg-vorbis: bf7c407c2cedff20999df2af8eb42d56 -> 
  custom:audio-encoder-webm-vorbis: bf7c407c2cedff20999df2af8eb42d56 -> 
========================================================================
Received Import Request.
  Time since last request: 93.992159 seconds.
  path: Assets/groundLight/Fish.fbx
  artifactKey: Guid(93f6794b7338aab4f9ab51f9f7573375) Importer(815301076,1909f56bfc062723c751e8b465ee728b)
Start importing Assets/groundLight/Fish.fbx using Guid(93f6794b7338aab4f9ab51f9f7573375) Importer(815301076,1909f56bfc062723c751e8b465ee728b)  -> (artifact id: 'd6b4fef34d98964e633ec0dfe3f802f7') in 0.085375 seconds 
  Import took 0.088202 seconds .

========================================================================
Received Import Request.
  Time since last request: 3.825335 seconds.
  path: Assets/groundLight/Fish.fbx
  artifactKey: Guid(93f6794b7338aab4f9ab51f9f7573375) Importer(815301076,1909f56bfc062723c751e8b465ee728b)
Start importing Assets/groundLight/Fish.fbx using Guid(93f6794b7338aab4f9ab51f9f7573375) Importer(815301076,1909f56bfc062723c751e8b465ee728b)  -> (artifact id: '9e0f3f5e7d30e8e89871fa43c6d511e5') in 0.060507 seconds 
  Import took 0.063201 seconds .

========================================================================
Received Import Request.
  Time since last request: 9.433837 seconds.
  path: Assets/groundLight/Materials/Fish_001_diff.mat
  artifactKey: Guid(c11122dfdf4017147accb28956133983) Importer(815301076,1909f56bfc062723c751e8b465ee728b)
Start importing Assets/groundLight/Materials/Fish_001_diff.mat using Guid(c11122dfdf4017147accb28956133983) Importer(815301076,1909f56bfc062723c751e8b465ee728b)  -> (artifact id: '1a73d49fe4fbd4a98840cd66132c3ca1') in 0.026376 seconds 
  Import took 0.029151 seconds .

========================================================================
Received Import Request.
  Time since last request: 40.288861 seconds.
  path: Assets/groundLight/Fish.fbm/Fish_001_diff.jpg
  artifactKey: Guid(4b00a67b45cbcc14bb319d671ec9b35d) Importer(815301076,1909f56bfc062723c751e8b465ee728b)
Start importing Assets/groundLight/Fish.fbm/Fish_001_diff.jpg using Guid(4b00a67b45cbcc14bb319d671ec9b35d) Importer(815301076,1909f56bfc062723c751e8b465ee728b)  -> (artifact id: '00000000000000000000000000000000') in 0.015766 seconds  code(4) message(Build asset version error: assets/groundlight/fish.fbm/fish_001_diff.jpg in SourceAssetDB has modification time of '2025-03-27T14:54:39.1847696Z' while content on disk has modification time of '2025-03-27T14:54:44.8721595Z')
  ERROR: Build asset version error: assets/groundlight/fish.fbm/fish_001_diff.jpg in SourceAssetDB has modification time of '2025-03-27T14:54:39.1847696Z' while content on disk has modification time of '2025-03-27T14:54:44.8721595Z'
  Import took 0.018211 seconds .

========================================================================
Received Import Request.
  Time since last request: 0.000260 seconds.
  path: Assets/groundLight/Fish.fbm/Fish_001_opac.jpg
  artifactKey: Guid(2efcee23099f96e4c87aa2e006b32235) Importer(815301076,1909f56bfc062723c751e8b465ee728b)
Start importing Assets/groundLight/Fish.fbm/Fish_001_opac.jpg using Guid(2efcee23099f96e4c87aa2e006b32235) Importer(815301076,1909f56bfc062723c751e8b465ee728b)  -> (artifact id: '00000000000000000000000000000000') in 0.006400 seconds  code(4) message(Build asset version error: assets/groundlight/fish.fbm/fish_001_opac.jpg in SourceAssetDB has modification time of '2025-03-27T14:54:39.1860049Z' while content on disk has modification time of '2025-03-27T14:54:44.8731586Z')
  ERROR: Build asset version error: assets/groundlight/fish.fbm/fish_001_opac.jpg in SourceAssetDB has modification time of '2025-03-27T14:54:39.1860049Z' while content on disk has modification time of '2025-03-27T14:54:44.8731586Z'
  Import took 0.008625 seconds .

========================================================================
Received Import Request.
  Time since last request: 65.934004 seconds.
  path: Assets/groundLight/11.controller
  artifactKey: Guid(2dd3596b598d94f4d9d404d5012fe160) Importer(815301076,1909f56bfc062723c751e8b465ee728b)
Start importing Assets/groundLight/11.controller using Guid(2dd3596b598d94f4d9d404d5012fe160) Importer(815301076,1909f56bfc062723c751e8b465ee728b)  -> (artifact id: 'c610eb9193d033a804f8c989bb0bf8a3') in 0.016176 seconds 
  Import took 0.020122 seconds .

========================================================================
Received Prepare
Registering precompiled user dll's ...
Registered in 0.002175 seconds.
Begin MonoManager ReloadAssembly
Native extension for WindowsStandalone target not found
Refreshing native plugins compatible for Editor in 0.41 ms, found 2 plugins.
Preloading 0 native plugins for Editor in 0.00 ms.
Mono: successfully reloaded assembly
- Completed reload, in  0.781 seconds
Domain Reload Profiling:
	ReloadAssembly (782ms)
		BeginReloadAssembly (105ms)
			ExecutionOrderSort (0ms)
			DisableScriptedObjects (3ms)
			BackupInstance (0ms)
			ReleaseScriptingObjects (0ms)
			CreateAndSetChildDomain (34ms)
		EndReloadAssembly (629ms)
			LoadAssemblies (68ms)
			RebuildTransferFunctionScriptingTraits (0ms)
			SetupTypeCache (232ms)
			ReleaseScriptCaches (1ms)
			RebuildScriptCaches (29ms)
			SetupLoadedEditorAssemblies (229ms)
				LogAssemblyErrors (0ms)
				InitializePlatformSupportModulesInManaged (5ms)
				SetLoadedEditorAssemblies (0ms)
				RefreshPlugins (0ms)
				BeforeProcessingInitializeOnLoad (63ms)
				ProcessInitializeOnLoadAttributes (146ms)
				ProcessInitializeOnLoadMethodAttributes (8ms)
				AfterProcessingInitializeOnLoad (5ms)
				EditorAssembliesLoaded (0ms)
			ExecutionOrderSort2 (0ms)
			AwakeInstancesAfterBackupRestoration (6ms)
Platform modules already initialized, skipping
Refreshing native plugins compatible for Editor in 0.31 ms, found 2 plugins.
Preloading 0 native plugins for Editor in 0.00 ms.
Unloading 1483 Unused Serialized files (Serialized files now loaded: 0)
System memory in use before: 85.7 MB.
System memory in use after: 85.7 MB.

Unloading 15 unused Assets to reduce memory usage. Loaded Objects now: 1981.
Total: 2.646900 ms (FindLiveObjects: 0.128900 ms CreateObjectMapping: 0.026800 ms MarkObjects: 2.376900 ms  DeleteObjects: 0.112000 ms)

AssetImportParameters requested are different than current active one (requested -> active):
  custom:framework-win-MediaFoundation: 216162199b28c13a410421893ffa2e32 -> 
  custom:video-decoder-ogg-theora: a1e56fd34408186e4bbccfd4996cb3dc -> 
  custom:container-muxer-webm: aa71ff27fc2769a1b78a27578f13a17b -> 
  custom:container-demuxer-webm: 4f35f7cbe854078d1ac9338744f61a02 -> 
  custom:container-demuxer-ogg: 62fdf1f143b41e24485cea50d1cbac27 -> 
  custom:video-encoder-webm-vp8: eb34c28f22e8b96e1ab97ce403110664 -> 
  custom:video-codec-MediaFoundation-h265: 746d11721c4dcdbdad8f713fa42b33f4 -> 
  custom:video-decoder-webm-vp8: 9c59270c3fd7afecdb556c50c9e8de78 -> 
  custom:audio-decoder-ogg-vorbis: bf7c407c2cedff20999df2af8eb42d56 -> 
  custom:audio-encoder-webm-vorbis: bf7c407c2cedff20999df2af8eb42d56 -> 
========================================================================
Received Import Request.
  Time since last request: 30.520968 seconds.
  path: Assets/groundLight/Fish.fbx
  artifactKey: Guid(93f6794b7338aab4f9ab51f9f7573375) Importer(815301076,1909f56bfc062723c751e8b465ee728b)
Start importing Assets/groundLight/Fish.fbx using Guid(93f6794b7338aab4f9ab51f9f7573375) Importer(815301076,1909f56bfc062723c751e8b465ee728b)  -> (artifact id: '9ec2c60ae2fe8ae29008e11d01950983') in 0.086777 seconds 
  Import took 0.089440 seconds .

========================================================================
Received Import Request.
  Time since last request: 42.009659 seconds.
  path: Assets/groundLight/Textures
  artifactKey: Guid(b9e77f467ee72714b9a38db98972dc30) Importer(815301076,1909f56bfc062723c751e8b465ee728b)
Start importing Assets/groundLight/Textures using Guid(b9e77f467ee72714b9a38db98972dc30) Importer(815301076,1909f56bfc062723c751e8b465ee728b)  -> (artifact id: '44aa461be43002a88b2c2f042ac2b209') in 0.011512 seconds 
  Import took 0.020704 seconds .

========================================================================
Received Import Request.
  Time since last request: 2.658072 seconds.
  path: Assets/groundLight/Fish.fbm
  artifactKey: Guid(78bf0c93785758849bd09458c538f7b8) Importer(815301076,1909f56bfc062723c751e8b465ee728b)
Start importing Assets/groundLight/Fish.fbm using Guid(78bf0c93785758849bd09458c538f7b8) Importer(815301076,1909f56bfc062723c751e8b465ee728b)  -> (artifact id: '421d55e75a153845763d1a6bb081c910') in 0.010857 seconds 
  Import took 0.019590 seconds .

========================================================================
Received Import Request.
  Time since last request: 19.318193 seconds.
  path: Assets/groundLight/Shaders
  artifactKey: Guid(6b94f55ddb355a94b83c46430f91ba0c) Importer(815301076,1909f56bfc062723c751e8b465ee728b)
Start importing Assets/groundLight/Shaders using Guid(6b94f55ddb355a94b83c46430f91ba0c) Importer(815301076,1909f56bfc062723c751e8b465ee728b)  -> (artifact id: 'e0a425a46b8723e561e80c23b3660fcf') in 0.011194 seconds 
  Import took 0.013879 seconds .

========================================================================
Received Import Request.
  Time since last request: 24.451421 seconds.
  path: Assets/groundLight/Materials/Mat_ModelRipple_UV.mat
  artifactKey: Guid(f8db347d5dbb12b49bef93a57bd06eee) Importer(815301076,1909f56bfc062723c751e8b465ee728b)
Start importing Assets/groundLight/Materials/Mat_ModelRipple_UV.mat using Guid(f8db347d5dbb12b49bef93a57bd06eee) Importer(815301076,1909f56bfc062723c751e8b465ee728b)  -> (artifact id: 'f39fd6b3c63201f39925fa3f0ae7c707') in 0.043826 seconds 
  Import took 0.046626 seconds .

========================================================================
Received Import Request.
  Time since last request: 18.509588 seconds.
  path: Assets/groundLight/Materials/Mat_ModelRipple_World.mat
  artifactKey: Guid(ac5f176032216a44fba19db53cb90828) Importer(815301076,1909f56bfc062723c751e8b465ee728b)
Start importing Assets/groundLight/Materials/Mat_ModelRipple_World.mat using Guid(ac5f176032216a44fba19db53cb90828) Importer(815301076,1909f56bfc062723c751e8b465ee728b)  -> (artifact id: '0f6246c21acdbe28d197782a18acee7f') in 0.030643 seconds 
  Import took 0.033614 seconds .

========================================================================
Received Prepare
Registering precompiled user dll's ...
Registered in 0.167709 seconds.
Begin MonoManager ReloadAssembly
Native extension for WindowsStandalone target not found
Refreshing native plugins compatible for Editor in 0.30 ms, found 2 plugins.
Preloading 0 native plugins for Editor in 0.00 ms.
Mono: successfully reloaded assembly
- Completed reload, in  0.666 seconds
Domain Reload Profiling:
	ReloadAssembly (666ms)
		BeginReloadAssembly (90ms)
			ExecutionOrderSort (0ms)
			DisableScriptedObjects (3ms)
			BackupInstance (0ms)
			ReleaseScriptingObjects (0ms)
			CreateAndSetChildDomain (28ms)
		EndReloadAssembly (532ms)
			LoadAssemblies (60ms)
			RebuildTransferFunctionScriptingTraits (0ms)
			SetupTypeCache (190ms)
			ReleaseScriptCaches (1ms)
			RebuildScriptCaches (25ms)
			SetupLoadedEditorAssemblies (198ms)
				LogAssemblyErrors (0ms)
				InitializePlatformSupportModulesInManaged (3ms)
				SetLoadedEditorAssemblies (0ms)
				RefreshPlugins (0ms)
				BeforeProcessingInitializeOnLoad (52ms)
				ProcessInitializeOnLoadAttributes (131ms)
				ProcessInitializeOnLoadMethodAttributes (7ms)
				AfterProcessingInitializeOnLoad (3ms)
				EditorAssembliesLoaded (0ms)
			ExecutionOrderSort2 (0ms)
			AwakeInstancesAfterBackupRestoration (4ms)
Platform modules already initialized, skipping
Refreshing native plugins compatible for Editor in 0.31 ms, found 2 plugins.
Preloading 0 native plugins for Editor in 0.00 ms.
Unloading 1483 Unused Serialized files (Serialized files now loaded: 0)
System memory in use before: 85.7 MB.
System memory in use after: 85.8 MB.

Unloading 14 unused Assets to reduce memory usage. Loaded Objects now: 1985.
Total: 2.481100 ms (FindLiveObjects: 0.116200 ms CreateObjectMapping: 0.024000 ms MarkObjects: 2.322100 ms  DeleteObjects: 0.017600 ms)

AssetImportParameters requested are different than current active one (requested -> active):
  custom:framework-win-MediaFoundation: 216162199b28c13a410421893ffa2e32 -> 
  custom:video-decoder-ogg-theora: a1e56fd34408186e4bbccfd4996cb3dc -> 
  custom:container-muxer-webm: aa71ff27fc2769a1b78a27578f13a17b -> 
  custom:container-demuxer-webm: 4f35f7cbe854078d1ac9338744f61a02 -> 
  custom:container-demuxer-ogg: 62fdf1f143b41e24485cea50d1cbac27 -> 
  custom:video-encoder-webm-vp8: eb34c28f22e8b96e1ab97ce403110664 -> 
  custom:video-codec-MediaFoundation-h265: 746d11721c4dcdbdad8f713fa42b33f4 -> 
  custom:video-decoder-webm-vp8: 9c59270c3fd7afecdb556c50c9e8de78 -> 
  custom:audio-decoder-ogg-vorbis: bf7c407c2cedff20999df2af8eb42d56 -> 
  custom:audio-encoder-webm-vorbis: bf7c407c2cedff20999df2af8eb42d56 -> 
========================================================================
Received Prepare
Registering precompiled user dll's ...
Registered in 0.001957 seconds.
Begin MonoManager ReloadAssembly
Native extension for WindowsStandalone target not found
Refreshing native plugins compatible for Editor in 0.30 ms, found 2 plugins.
Preloading 0 native plugins for Editor in 0.00 ms.
Mono: successfully reloaded assembly
- Completed reload, in  0.782 seconds
Domain Reload Profiling:
	ReloadAssembly (783ms)
		BeginReloadAssembly (96ms)
			ExecutionOrderSort (0ms)
			DisableScriptedObjects (3ms)
			BackupInstance (0ms)
			ReleaseScriptingObjects (0ms)
			CreateAndSetChildDomain (25ms)
		EndReloadAssembly (638ms)
			LoadAssemblies (64ms)
			RebuildTransferFunctionScriptingTraits (0ms)
			SetupTypeCache (203ms)
			ReleaseScriptCaches (1ms)
			RebuildScriptCaches (35ms)
			SetupLoadedEditorAssemblies (271ms)
				LogAssemblyErrors (0ms)
				InitializePlatformSupportModulesInManaged (3ms)
				SetLoadedEditorAssemblies (0ms)
				RefreshPlugins (0ms)
				BeforeProcessingInitializeOnLoad (75ms)
				ProcessInitializeOnLoadAttributes (180ms)
				ProcessInitializeOnLoadMethodAttributes (8ms)
				AfterProcessingInitializeOnLoad (4ms)
				EditorAssembliesLoaded (0ms)
			ExecutionOrderSort2 (0ms)
			AwakeInstancesAfterBackupRestoration (5ms)
Platform modules already initialized, skipping
Refreshing native plugins compatible for Editor in 0.32 ms, found 2 plugins.
Preloading 0 native plugins for Editor in 0.00 ms.
Unloading 1482 Unused Serialized files (Serialized files now loaded: 0)
System memory in use before: 85.4 MB.
System memory in use after: 85.6 MB.

Unloading 14 unused Assets to reduce memory usage. Loaded Objects now: 1987.
Total: 2.405500 ms (FindLiveObjects: 0.126800 ms CreateObjectMapping: 0.026100 ms MarkObjects: 2.233100 ms  DeleteObjects: 0.018100 ms)

AssetImportParameters requested are different than current active one (requested -> active):
  custom:framework-win-MediaFoundation: 216162199b28c13a410421893ffa2e32 -> 
  custom:video-decoder-ogg-theora: a1e56fd34408186e4bbccfd4996cb3dc -> 
  custom:container-muxer-webm: aa71ff27fc2769a1b78a27578f13a17b -> 
  custom:container-demuxer-webm: 4f35f7cbe854078d1ac9338744f61a02 -> 
  custom:container-demuxer-ogg: 62fdf1f143b41e24485cea50d1cbac27 -> 
  custom:video-encoder-webm-vp8: eb34c28f22e8b96e1ab97ce403110664 -> 
  custom:video-codec-MediaFoundation-h265: 746d11721c4dcdbdad8f713fa42b33f4 -> 
  custom:video-decoder-webm-vp8: 9c59270c3fd7afecdb556c50c9e8de78 -> 
  custom:audio-decoder-ogg-vorbis: bf7c407c2cedff20999df2af8eb42d56 -> 
  custom:audio-encoder-webm-vorbis: bf7c407c2cedff20999df2af8eb42d56 -> 
========================================================================
Received Prepare
Registering precompiled user dll's ...
Registered in 0.001663 seconds.
Begin MonoManager ReloadAssembly
Native extension for WindowsStandalone target not found
Refreshing native plugins compatible for Editor in 0.31 ms, found 2 plugins.
Preloading 0 native plugins for Editor in 0.00 ms.
Mono: successfully reloaded assembly
- Completed reload, in  0.716 seconds
Domain Reload Profiling:
	ReloadAssembly (716ms)
		BeginReloadAssembly (86ms)
			ExecutionOrderSort (0ms)
			DisableScriptedObjects (4ms)
			BackupInstance (0ms)
			ReleaseScriptingObjects (0ms)
			CreateAndSetChildDomain (26ms)
		EndReloadAssembly (582ms)
			LoadAssemblies (62ms)
			RebuildTransferFunctionScriptingTraits (0ms)
			SetupTypeCache (200ms)
			ReleaseScriptCaches (1ms)
			RebuildScriptCaches (28ms)
			SetupLoadedEditorAssemblies (221ms)
				LogAssemblyErrors (0ms)
				InitializePlatformSupportModulesInManaged (4ms)
				SetLoadedEditorAssemblies (0ms)
				RefreshPlugins (0ms)
				BeforeProcessingInitializeOnLoad (57ms)
				ProcessInitializeOnLoadAttributes (148ms)
				ProcessInitializeOnLoadMethodAttributes (7ms)
				AfterProcessingInitializeOnLoad (4ms)
				EditorAssembliesLoaded (0ms)
			ExecutionOrderSort2 (0ms)
			AwakeInstancesAfterBackupRestoration (6ms)
Platform modules already initialized, skipping
Refreshing native plugins compatible for Editor in 0.33 ms, found 2 plugins.
Preloading 0 native plugins for Editor in 0.00 ms.
Unloading 1482 Unused Serialized files (Serialized files now loaded: 0)
System memory in use before: 85.5 MB.
System memory in use after: 85.6 MB.

Unloading 14 unused Assets to reduce memory usage. Loaded Objects now: 1989.
Total: 2.390500 ms (FindLiveObjects: 0.113400 ms CreateObjectMapping: 0.025700 ms MarkObjects: 2.214200 ms  DeleteObjects: 0.036200 ms)

AssetImportParameters requested are different than current active one (requested -> active):
  custom:framework-win-MediaFoundation: 216162199b28c13a410421893ffa2e32 -> 
  custom:video-decoder-ogg-theora: a1e56fd34408186e4bbccfd4996cb3dc -> 
  custom:container-muxer-webm: aa71ff27fc2769a1b78a27578f13a17b -> 
  custom:container-demuxer-webm: 4f35f7cbe854078d1ac9338744f61a02 -> 
  custom:container-demuxer-ogg: 62fdf1f143b41e24485cea50d1cbac27 -> 
  custom:video-encoder-webm-vp8: eb34c28f22e8b96e1ab97ce403110664 -> 
  custom:video-codec-MediaFoundation-h265: 746d11721c4dcdbdad8f713fa42b33f4 -> 
  custom:video-decoder-webm-vp8: 9c59270c3fd7afecdb556c50c9e8de78 -> 
  custom:audio-decoder-ogg-vorbis: bf7c407c2cedff20999df2af8eb42d56 -> 
  custom:audio-encoder-webm-vorbis: bf7c407c2cedff20999df2af8eb42d56 -> 
========================================================================
Received Prepare
Registering precompiled user dll's ...
Registered in 0.003338 seconds.
Begin MonoManager ReloadAssembly
Native extension for WindowsStandalone target not found
Refreshing native plugins compatible for Editor in 0.32 ms, found 2 plugins.
Preloading 0 native plugins for Editor in 0.00 ms.
Mono: successfully reloaded assembly
- Completed reload, in  0.825 seconds
Domain Reload Profiling:
	ReloadAssembly (825ms)
		BeginReloadAssembly (91ms)
			ExecutionOrderSort (0ms)
			DisableScriptedObjects (4ms)
			BackupInstance (0ms)
			ReleaseScriptingObjects (0ms)
			CreateAndSetChildDomain (32ms)
		EndReloadAssembly (684ms)
			LoadAssemblies (73ms)
			RebuildTransferFunctionScriptingTraits (0ms)
			SetupTypeCache (250ms)
			ReleaseScriptCaches (1ms)
			RebuildScriptCaches (38ms)
			SetupLoadedEditorAssemblies (240ms)
				LogAssemblyErrors (0ms)
				InitializePlatformSupportModulesInManaged (4ms)
				SetLoadedEditorAssemblies (0ms)
				RefreshPlugins (0ms)
				BeforeProcessingInitializeOnLoad (69ms)
				ProcessInitializeOnLoadAttributes (156ms)
				ProcessInitializeOnLoadMethodAttributes (6ms)
				AfterProcessingInitializeOnLoad (4ms)
				EditorAssembliesLoaded (0ms)
			ExecutionOrderSort2 (0ms)
			AwakeInstancesAfterBackupRestoration (5ms)
Platform modules already initialized, skipping
Refreshing native plugins compatible for Editor in 0.31 ms, found 2 plugins.
Preloading 0 native plugins for Editor in 0.00 ms.
Unloading 1482 Unused Serialized files (Serialized files now loaded: 0)
System memory in use before: 85.5 MB.
System memory in use after: 85.6 MB.

Unloading 14 unused Assets to reduce memory usage. Loaded Objects now: 1991.
Total: 2.278700 ms (FindLiveObjects: 0.131900 ms CreateObjectMapping: 0.026500 ms MarkObjects: 2.093500 ms  DeleteObjects: 0.024900 ms)

AssetImportParameters requested are different than current active one (requested -> active):
  custom:framework-win-MediaFoundation: 216162199b28c13a410421893ffa2e32 -> 
  custom:video-decoder-ogg-theora: a1e56fd34408186e4bbccfd4996cb3dc -> 
  custom:container-muxer-webm: aa71ff27fc2769a1b78a27578f13a17b -> 
  custom:container-demuxer-webm: 4f35f7cbe854078d1ac9338744f61a02 -> 
  custom:container-demuxer-ogg: 62fdf1f143b41e24485cea50d1cbac27 -> 
  custom:video-encoder-webm-vp8: eb34c28f22e8b96e1ab97ce403110664 -> 
  custom:video-codec-MediaFoundation-h265: 746d11721c4dcdbdad8f713fa42b33f4 -> 
  custom:video-decoder-webm-vp8: 9c59270c3fd7afecdb556c50c9e8de78 -> 
  custom:audio-decoder-ogg-vorbis: bf7c407c2cedff20999df2af8eb42d56 -> 
  custom:audio-encoder-webm-vorbis: bf7c407c2cedff20999df2af8eb42d56 -> 
========================================================================
Received Import Request.
  Time since last request: 3073.777043 seconds.
  path: Assets/groundLight/Shaders/ModelRippleWorldspace.shader
  artifactKey: Guid(b3ef48e5f3f22b148b28f1276be7106e) Importer(815301076,1909f56bfc062723c751e8b465ee728b)
Start importing Assets/groundLight/Shaders/ModelRippleWorldspace.shader using Guid(b3ef48e5f3f22b148b28f1276be7106e) Importer(815301076,1909f56bfc062723c751e8b465ee728b)  -> (artifact id: '7c350cac381b7208ed5d693cb1e6039a') in 0.032279 seconds 
  Import took 0.034605 seconds .

========================================================================
Received Prepare
Registering precompiled user dll's ...
Registered in 0.001778 seconds.
Begin MonoManager ReloadAssembly
Native extension for WindowsStandalone target not found
Refreshing native plugins compatible for Editor in 0.30 ms, found 2 plugins.
Preloading 0 native plugins for Editor in 0.00 ms.
Mono: successfully reloaded assembly
- Completed reload, in  0.659 seconds
Domain Reload Profiling:
	ReloadAssembly (660ms)
		BeginReloadAssembly (89ms)
			ExecutionOrderSort (0ms)
			DisableScriptedObjects (3ms)
			BackupInstance (0ms)
			ReleaseScriptingObjects (0ms)
			CreateAndSetChildDomain (25ms)
		EndReloadAssembly (529ms)
			LoadAssemblies (57ms)
			RebuildTransferFunctionScriptingTraits (0ms)
			SetupTypeCache (182ms)
			ReleaseScriptCaches (1ms)
			RebuildScriptCaches (27ms)
			SetupLoadedEditorAssemblies (197ms)
				LogAssemblyErrors (0ms)
				InitializePlatformSupportModulesInManaged (3ms)
				SetLoadedEditorAssemblies (0ms)
				RefreshPlugins (0ms)
				BeforeProcessingInitializeOnLoad (54ms)
				ProcessInitializeOnLoadAttributes (129ms)
				ProcessInitializeOnLoadMethodAttributes (7ms)
				AfterProcessingInitializeOnLoad (3ms)
				EditorAssembliesLoaded (0ms)
			ExecutionOrderSort2 (0ms)
			AwakeInstancesAfterBackupRestoration (4ms)
Platform modules already initialized, skipping
Refreshing native plugins compatible for Editor in 0.29 ms, found 2 plugins.
Preloading 0 native plugins for Editor in 0.00 ms.
Unloading 1482 Unused Serialized files (Serialized files now loaded: 0)
System memory in use before: 85.5 MB.
System memory in use after: 85.6 MB.

Unloading 14 unused Assets to reduce memory usage. Loaded Objects now: 1993.
Total: 2.210700 ms (FindLiveObjects: 0.118200 ms CreateObjectMapping: 0.024300 ms MarkObjects: 2.052300 ms  DeleteObjects: 0.014900 ms)

AssetImportParameters requested are different than current active one (requested -> active):
  custom:framework-win-MediaFoundation: 216162199b28c13a410421893ffa2e32 -> 
  custom:video-decoder-ogg-theora: a1e56fd34408186e4bbccfd4996cb3dc -> 
  custom:container-muxer-webm: aa71ff27fc2769a1b78a27578f13a17b -> 
  custom:container-demuxer-webm: 4f35f7cbe854078d1ac9338744f61a02 -> 
  custom:container-demuxer-ogg: 62fdf1f143b41e24485cea50d1cbac27 -> 
  custom:video-encoder-webm-vp8: eb34c28f22e8b96e1ab97ce403110664 -> 
  custom:video-codec-MediaFoundation-h265: 746d11721c4dcdbdad8f713fa42b33f4 -> 
  custom:video-decoder-webm-vp8: 9c59270c3fd7afecdb556c50c9e8de78 -> 
  custom:audio-decoder-ogg-vorbis: bf7c407c2cedff20999df2af8eb42d56 -> 
  custom:audio-encoder-webm-vorbis: bf7c407c2cedff20999df2af8eb42d56 -> 
========================================================================
Received Prepare
Registering precompiled user dll's ...
Registered in 0.001755 seconds.
Begin MonoManager ReloadAssembly
Native extension for WindowsStandalone target not found
Refreshing native plugins compatible for Editor in 0.62 ms, found 2 plugins.
Preloading 0 native plugins for Editor in 0.00 ms.
Mono: successfully reloaded assembly
- Completed reload, in  0.752 seconds
Domain Reload Profiling:
	ReloadAssembly (752ms)
		BeginReloadAssembly (104ms)
			ExecutionOrderSort (0ms)
			DisableScriptedObjects (4ms)
			BackupInstance (0ms)
			ReleaseScriptingObjects (0ms)
			CreateAndSetChildDomain (30ms)
		EndReloadAssembly (603ms)
			LoadAssemblies (73ms)
			RebuildTransferFunctionScriptingTraits (0ms)
			SetupTypeCache (199ms)
			ReleaseScriptCaches (1ms)
			RebuildScriptCaches (25ms)
			SetupLoadedEditorAssemblies (247ms)
				LogAssemblyErrors (0ms)
				InitializePlatformSupportModulesInManaged (4ms)
				SetLoadedEditorAssemblies (1ms)
				RefreshPlugins (1ms)
				BeforeProcessingInitializeOnLoad (53ms)
				ProcessInitializeOnLoadAttributes (178ms)
				ProcessInitializeOnLoadMethodAttributes (7ms)
				AfterProcessingInitializeOnLoad (3ms)
				EditorAssembliesLoaded (0ms)
			ExecutionOrderSort2 (0ms)
			AwakeInstancesAfterBackupRestoration (5ms)
Platform modules already initialized, skipping
Refreshing native plugins compatible for Editor in 0.29 ms, found 2 plugins.
Preloading 0 native plugins for Editor in 0.00 ms.
Unloading 1482 Unused Serialized files (Serialized files now loaded: 0)
System memory in use before: 85.5 MB.
System memory in use after: 85.6 MB.

Unloading 14 unused Assets to reduce memory usage. Loaded Objects now: 1995.
Total: 2.227000 ms (FindLiveObjects: 0.115300 ms CreateObjectMapping: 0.024500 ms MarkObjects: 2.068100 ms  DeleteObjects: 0.018100 ms)

AssetImportParameters requested are different than current active one (requested -> active):
  custom:framework-win-MediaFoundation: 216162199b28c13a410421893ffa2e32 -> 
  custom:video-decoder-ogg-theora: a1e56fd34408186e4bbccfd4996cb3dc -> 
  custom:container-muxer-webm: aa71ff27fc2769a1b78a27578f13a17b -> 
  custom:container-demuxer-webm: 4f35f7cbe854078d1ac9338744f61a02 -> 
  custom:container-demuxer-ogg: 62fdf1f143b41e24485cea50d1cbac27 -> 
  custom:video-encoder-webm-vp8: eb34c28f22e8b96e1ab97ce403110664 -> 
  custom:video-codec-MediaFoundation-h265: 746d11721c4dcdbdad8f713fa42b33f4 -> 
  custom:video-decoder-webm-vp8: 9c59270c3fd7afecdb556c50c9e8de78 -> 
  custom:audio-decoder-ogg-vorbis: bf7c407c2cedff20999df2af8eb42d56 -> 
  custom:audio-encoder-webm-vorbis: bf7c407c2cedff20999df2af8eb42d56 -> 
========================================================================
Received Import Request.
  Time since last request: 660.266486 seconds.
  path: Assets/groundLight/Materials/Mat_ModelRipple_UV.mat
  artifactKey: Guid(f8db347d5dbb12b49bef93a57bd06eee) Importer(815301076,1909f56bfc062723c751e8b465ee728b)
Start importing Assets/groundLight/Materials/Mat_ModelRipple_UV.mat using Guid(f8db347d5dbb12b49bef93a57bd06eee) Importer(815301076,1909f56bfc062723c751e8b465ee728b)  -> (artifact id: 'a0c28fd11e3a320357a18933a758d688') in 0.085600 seconds 
  Import took 0.088462 seconds .

========================================================================
Received Import Request.
  Time since last request: 0.000279 seconds.
  path: Assets/groundLight/Materials/Mat_ModelRipple_World.mat
  artifactKey: Guid(ac5f176032216a44fba19db53cb90828) Importer(815301076,1909f56bfc062723c751e8b465ee728b)
Start importing Assets/groundLight/Materials/Mat_ModelRipple_World.mat using Guid(ac5f176032216a44fba19db53cb90828) Importer(815301076,1909f56bfc062723c751e8b465ee728b)  -> (artifact id: '3ebc139d71e804c97454fe2d5c477f25') in 0.021910 seconds 
  Import took 0.024198 seconds .

AssetImportWorkerClient::OnTransportError - code=2 error=End of file
